Some weights of the model checkpoint at UBC-NLP/MARBERT were not used when initializing BertModel: ['cls.predictions.transform.dense.weight', 'cls.predictions.transform.LayerNorm.weight', 'cls.predictions.bias', 'cls.predictions.decoder.weight', 'cls.predictions.transform.LayerNorm.bias', 'cls.seq_relationship.bias', 'cls.seq_relationship.weight', 'cls.predictions.transform.dense.bias']
- This IS expected if you are initializing BertModel from the checkpoint of a model trained on another task or with another architecture (e.g. initializing a BertForSequenceClassification model from a BertForPreTraining model).
- This IS NOT expected if you are initializing BertModel from the checkpoint of a model that you expect to be exactly identical (initializing a BertForSequenceClassification model from a BertForSequenceClassification model).
Some weights of the model checkpoint at UBC-NLP/MARBERT were not used when initializing BertModel: ['cls.predictions.transform.dense.weight', 'cls.predictions.transform.LayerNorm.weight', 'cls.predictions.bias', 'cls.predictions.decoder.weight', 'cls.predictions.transform.LayerNorm.bias', 'cls.seq_relationship.bias', 'cls.seq_relationship.weight', 'cls.predictions.transform.dense.bias']
- This IS expected if you are initializing BertModel from the checkpoint of a model trained on another task or with another architecture (e.g. initializing a BertForSequenceClassification model from a BertForPreTraining model).
- This IS NOT expected if you are initializing BertModel from the checkpoint of a model that you expect to be exactly identical (initializing a BertForSequenceClassification model from a BertForSequenceClassification model).
3814
3000
Traceback (most recent call last):
  File "launcher.py", line 281, in <module>
    base_network = base_network.to(device)
  File "/home/aelmekki/.conda/envs/tabnet/lib/python3.7/site-packages/torch/nn/modules/module.py", line 612, in to
    return self._apply(convert)
  File "/home/aelmekki/.conda/envs/tabnet/lib/python3.7/site-packages/torch/nn/modules/module.py", line 359, in _apply
    module._apply(fn)
  File "/home/aelmekki/.conda/envs/tabnet/lib/python3.7/site-packages/torch/nn/modules/module.py", line 359, in _apply
    module._apply(fn)
  File "/home/aelmekki/.conda/envs/tabnet/lib/python3.7/site-packages/torch/nn/modules/module.py", line 359, in _apply
    module._apply(fn)
  File "/home/aelmekki/.conda/envs/tabnet/lib/python3.7/site-packages/torch/nn/modules/module.py", line 381, in _apply
    param_applied = fn(param)
  File "/home/aelmekki/.conda/envs/tabnet/lib/python3.7/site-packages/torch/nn/modules/module.py", line 610, in convert
    return t.to(device, dtype if t.is_floating_point() else None, non_blocking)
RuntimeError: CUDA error: out of memory
