Some weights of the model checkpoint at UBC-NLP/MARBERT were not used when initializing BertModel: ['cls.predictions.bias', 'cls.seq_relationship.weight', 'cls.predictions.transform.LayerNorm.bias', 'cls.predictions.transform.LayerNorm.weight', 'cls.seq_relationship.bias', 'cls.predictions.transform.dense.bias', 'cls.predictions.transform.dense.weight', 'cls.predictions.decoder.weight']
- This IS expected if you are initializing BertModel from the checkpoint of a model trained on another task or with another architecture (e.g. initializing a BertForSequenceClassification model from a BertForPreTraining model).
- This IS NOT expected if you are initializing BertModel from the checkpoint of a model that you expect to be exactly identical (initializing a BertForSequenceClassification model from a BertForSequenceClassification model).
Some weights of the model checkpoint at UBC-NLP/MARBERT were not used when initializing BertModel: ['cls.predictions.bias', 'cls.seq_relationship.weight', 'cls.predictions.transform.LayerNorm.bias', 'cls.predictions.transform.LayerNorm.weight', 'cls.seq_relationship.bias', 'cls.predictions.transform.dense.bias', 'cls.predictions.transform.dense.weight', 'cls.predictions.decoder.weight']
- This IS expected if you are initializing BertModel from the checkpoint of a model trained on another task or with another architecture (e.g. initializing a BertForSequenceClassification model from a BertForPreTraining model).
- This IS NOT expected if you are initializing BertModel from the checkpoint of a model that you expect to be exactly identical (initializing a BertForSequenceClassification model from a BertForSequenceClassification model).
Some weights of the model checkpoint at UBC-NLP/MARBERT were not used when initializing BertModel: ['cls.predictions.bias', 'cls.seq_relationship.weight', 'cls.predictions.transform.LayerNorm.bias', 'cls.predictions.transform.LayerNorm.weight', 'cls.seq_relationship.bias', 'cls.predictions.transform.dense.bias', 'cls.predictions.transform.dense.weight', 'cls.predictions.decoder.weight']
- This IS expected if you are initializing BertModel from the checkpoint of a model trained on another task or with another architecture (e.g. initializing a BertForSequenceClassification model from a BertForPreTraining model).
- This IS NOT expected if you are initializing BertModel from the checkpoint of a model that you expect to be exactly identical (initializing a BertForSequenceClassification model from a BertForSequenceClassification model).
675
3000
Training started with cuda
/home/aelmekki/.conda/envs/tabnet/lib/python3.7/site-packages/transformers/optimization.py:309: FutureWarning: This implementation of AdamW is deprecated and will be removed in a future version. Use thePyTorch implementation torch.optim.AdamW instead, or set `no_deprecation_warning=True` to disable this warning
  FutureWarning,
/home/aelmekki/.local/lib/python3.7/site-packages/seqeval/metrics/sequence_labeling.py:171: UserWarning: PART seems not to be NE tag.
  warnings.warn('{} seems not to be NE tag.'.format(chunk))
/home/aelmekki/.local/lib/python3.7/site-packages/seqeval/metrics/sequence_labeling.py:171: UserWarning: V seems not to be NE tag.
  warnings.warn('{} seems not to be NE tag.'.format(chunk))
/home/aelmekki/.local/lib/python3.7/site-packages/seqeval/metrics/sequence_labeling.py:171: UserWarning: NEG_PART seems not to be NE tag.
  warnings.warn('{} seems not to be NE tag.'.format(chunk))
/home/aelmekki/.local/lib/python3.7/site-packages/seqeval/metrics/sequence_labeling.py:171: UserWarning: NOUN seems not to be NE tag.
  warnings.warn('{} seems not to be NE tag.'.format(chunk))
/home/aelmekki/.local/lib/python3.7/site-packages/seqeval/metrics/sequence_labeling.py:171: UserWarning: NSUFF seems not to be NE tag.
  warnings.warn('{} seems not to be NE tag.'.format(chunk))
/home/aelmekki/.local/lib/python3.7/site-packages/seqeval/metrics/sequence_labeling.py:171: UserWarning: PRON seems not to be NE tag.
  warnings.warn('{} seems not to be NE tag.'.format(chunk))
/home/aelmekki/.local/lib/python3.7/site-packages/seqeval/metrics/sequence_labeling.py:171: UserWarning: PREP seems not to be NE tag.
  warnings.warn('{} seems not to be NE tag.'.format(chunk))
/home/aelmekki/.local/lib/python3.7/site-packages/seqeval/metrics/sequence_labeling.py:171: UserWarning: DET seems not to be NE tag.
  warnings.warn('{} seems not to be NE tag.'.format(chunk))
/home/aelmekki/.local/lib/python3.7/site-packages/seqeval/metrics/sequence_labeling.py:171: UserWarning: CONJ seems not to be NE tag.
  warnings.warn('{} seems not to be NE tag.'.format(chunk))
/home/aelmekki/.local/lib/python3.7/site-packages/seqeval/metrics/sequence_labeling.py:171: UserWarning: ADJ seems not to be NE tag.
  warnings.warn('{} seems not to be NE tag.'.format(chunk))
/home/aelmekki/.local/lib/python3.7/site-packages/seqeval/metrics/sequence_labeling.py:171: UserWarning: PUNC seems not to be NE tag.
  warnings.warn('{} seems not to be NE tag.'.format(chunk))
/home/aelmekki/.local/lib/python3.7/site-packages/seqeval/metrics/sequence_labeling.py:171: UserWarning: PROG_PART seems not to be NE tag.
  warnings.warn('{} seems not to be NE tag.'.format(chunk))
/home/aelmekki/.local/lib/python3.7/site-packages/seqeval/metrics/sequence_labeling.py:171: UserWarning: EMOT seems not to be NE tag.
  warnings.warn('{} seems not to be NE tag.'.format(chunk))
/home/aelmekki/.local/lib/python3.7/site-packages/seqeval/metrics/sequence_labeling.py:171: UserWarning: FUT_PART seems not to be NE tag.
  warnings.warn('{} seems not to be NE tag.'.format(chunk))
/home/aelmekki/.local/lib/python3.7/site-packages/seqeval/metrics/sequence_labeling.py:171: UserWarning: ADV seems not to be NE tag.
  warnings.warn('{} seems not to be NE tag.'.format(chunk))
/home/aelmekki/.local/lib/python3.7/site-packages/seqeval/metrics/sequence_labeling.py:171: UserWarning: NUM seems not to be NE tag.
  warnings.warn('{} seems not to be NE tag.'.format(chunk))
/home/aelmekki/.local/lib/python3.7/site-packages/seqeval/metrics/sequence_labeling.py:171: UserWarning: FOREIGN seems not to be NE tag.
  warnings.warn('{} seems not to be NE tag.'.format(chunk))
/home/aelmekki/.local/lib/python3.7/site-packages/seqeval/metrics/sequence_labeling.py:171: UserWarning: MENTION seems not to be NE tag.
  warnings.warn('{} seems not to be NE tag.'.format(chunk))
/home/aelmekki/.local/lib/python3.7/site-packages/seqeval/metrics/sequence_labeling.py:171: UserWarning: HASH seems not to be NE tag.
  warnings.warn('{} seems not to be NE tag.'.format(chunk))
/home/aelmekki/.local/lib/python3.7/site-packages/seqeval/metrics/sequence_labeling.py:171: UserWarning: URL seems not to be NE tag.
  warnings.warn('{} seems not to be NE tag.'.format(chunk))
/home/aelmekki/.local/lib/python3.7/site-packages/seqeval/metrics/sequence_labeling.py:171: UserWarning: CASE seems not to be NE tag.
  warnings.warn('{} seems not to be NE tag.'.format(chunk))

##########     save the best model MSA.    #############

iter: 00500, Macro F1: 0.82067
iter: 00500, F1 MSA: 0.82067, best F1 for MSA: 0.82067
/home/aelmekki/.local/lib/python3.7/site-packages/seqeval/metrics/sequence_labeling.py:171: UserWarning: ABBREV seems not to be NE tag.
  warnings.warn('{} seems not to be NE tag.'.format(chunk))
iter: 01000, F1 MSA: 0.81837, best F1 for MSA: 0.82067
/home/aelmekki/.local/lib/python3.7/site-packages/seqeval/metrics/sequence_labeling.py:171: UserWarning: TB seems not to be NE tag.
  warnings.warn('{} seems not to be NE tag.'.format(chunk))

##########     save the best model MSA.    #############

iter: 01500, Macro F1: 0.86075
iter: 01500, F1 MSA: 0.86075, best F1 for MSA: 0.86075

##########     save the best model MSA.    #############

iter: 02000, Macro F1: 0.91104
iter: 02000, F1 MSA: 0.91104, best F1 for MSA: 0.91104
/home/aelmekki/.local/lib/python3.7/site-packages/seqeval/metrics/sequence_labeling.py:171: UserWarning: WB seems not to be NE tag.
  warnings.warn('{} seems not to be NE tag.'.format(chunk))

##########     save the best model MSA.    #############

iter: 02500, Macro F1: 0.91202
iter: 02500, F1 MSA: 0.91202, best F1 for MSA: 0.91202
iter: 03000, F1 MSA: 0.86115, best F1 for MSA: 0.91202
iter: 03500, F1 MSA: 0.82469, best F1 for MSA: 0.91202
iter: 04000, F1 MSA: 0.82133, best F1 for MSA: 0.91202
iter: 04500, F1 MSA: 0.81590, best F1 for MSA: 0.91202
iter: 05000, F1 MSA: 0.91010, best F1 for MSA: 0.91202
iter: 05500, F1 MSA: 0.82084, best F1 for MSA: 0.91202
iter: 06000, F1 MSA: 0.82416, best F1 for MSA: 0.91202
iter: 06500, F1 MSA: 0.82392, best F1 for MSA: 0.91202
iter: 07000, F1 MSA: 0.82493, best F1 for MSA: 0.91202
Some weights of the model checkpoint at UBC-NLP/MARBERT were not used when initializing BertModel: ['cls.predictions.bias', 'cls.seq_relationship.weight', 'cls.predictions.transform.LayerNorm.bias', 'cls.predictions.transform.LayerNorm.weight', 'cls.seq_relationship.bias', 'cls.predictions.transform.dense.bias', 'cls.predictions.transform.dense.weight', 'cls.predictions.decoder.weight']
- This IS expected if you are initializing BertModel from the checkpoint of a model trained on another task or with another architecture (e.g. initializing a BertForSequenceClassification model from a BertForPreTraining model).
- This IS NOT expected if you are initializing BertModel from the checkpoint of a model that you expect to be exactly identical (initializing a BertForSequenceClassification model from a BertForSequenceClassification model).
Some weights of the model checkpoint at UBC-NLP/MARBERT were not used when initializing BertModel: ['cls.predictions.bias', 'cls.seq_relationship.weight', 'cls.predictions.transform.LayerNorm.bias', 'cls.predictions.transform.LayerNorm.weight', 'cls.seq_relationship.bias', 'cls.predictions.transform.dense.bias', 'cls.predictions.transform.dense.weight', 'cls.predictions.decoder.weight']
- This IS expected if you are initializing BertModel from the checkpoint of a model trained on another task or with another architecture (e.g. initializing a BertForSequenceClassification model from a BertForPreTraining model).
- This IS NOT expected if you are initializing BertModel from the checkpoint of a model that you expect to be exactly identical (initializing a BertForSequenceClassification model from a BertForSequenceClassification model).
1
Training started with cuda
/home/aelmekki/.local/lib/python3.7/site-packages/seqeval/metrics/sequence_labeling.py:171: UserWarning: EOS seems not to be NE tag.
  warnings.warn('{} seems not to be NE tag.'.format(chunk))
/home/aelmekki/.local/lib/python3.7/site-packages/seqeval/metrics/sequence_labeling.py:171: UserWarning: IGNORE seems not to be NE tag.
  warnings.warn('{} seems not to be NE tag.'.format(chunk))
/home/aelmekki/.local/lib/python3.7/site-packages/seqeval/metrics/sequence_labeling.py:171: UserWarning: U seems not to be NE tag.
  warnings.warn('{} seems not to be NE tag.'.format(chunk))
iter: 00500, F1 MSA: 0.00350, best F1 for MSA: 0.91202
iter: 01000, F1 MSA: 0.00350, best F1 for MSA: 0.91202
iter: 01500, F1 MSA: 0.00350, best F1 for MSA: 0.91202
Some weights of the model checkpoint at UBC-NLP/MARBERT were not used when initializing BertModel: ['cls.predictions.bias', 'cls.seq_relationship.weight', 'cls.predictions.transform.LayerNorm.bias', 'cls.predictions.transform.LayerNorm.weight', 'cls.seq_relationship.bias', 'cls.predictions.transform.dense.bias', 'cls.predictions.transform.dense.weight', 'cls.predictions.decoder.weight']
- This IS expected if you are initializing BertModel from the checkpoint of a model trained on another task or with another architecture (e.g. initializing a BertForSequenceClassification model from a BertForPreTraining model).
- This IS NOT expected if you are initializing BertModel from the checkpoint of a model that you expect to be exactly identical (initializing a BertForSequenceClassification model from a BertForSequenceClassification model).
Some weights of the model checkpoint at UBC-NLP/MARBERT were not used when initializing BertModel: ['cls.predictions.bias', 'cls.seq_relationship.weight', 'cls.predictions.transform.LayerNorm.bias', 'cls.predictions.transform.LayerNorm.weight', 'cls.seq_relationship.bias', 'cls.predictions.transform.dense.bias', 'cls.predictions.transform.dense.weight', 'cls.predictions.decoder.weight']
- This IS expected if you are initializing BertModel from the checkpoint of a model trained on another task or with another architecture (e.g. initializing a BertForSequenceClassification model from a BertForPreTraining model).
- This IS NOT expected if you are initializing BertModel from the checkpoint of a model that you expect to be exactly identical (initializing a BertForSequenceClassification model from a BertForSequenceClassification model).
1
Training started with cuda
iter: 00500, F1 MSA: 0.01307, best F1 for MSA: 0.91202
iter: 01000, F1 MSA: 0.01307, best F1 for MSA: 0.91202
iter: 01500, F1 MSA: 0.01307, best F1 for MSA: 0.91202
Some weights of the model checkpoint at UBC-NLP/MARBERT were not used when initializing BertModel: ['cls.predictions.bias', 'cls.seq_relationship.weight', 'cls.predictions.transform.LayerNorm.bias', 'cls.predictions.transform.LayerNorm.weight', 'cls.seq_relationship.bias', 'cls.predictions.transform.dense.bias', 'cls.predictions.transform.dense.weight', 'cls.predictions.decoder.weight']
- This IS expected if you are initializing BertModel from the checkpoint of a model trained on another task or with another architecture (e.g. initializing a BertForSequenceClassification model from a BertForPreTraining model).
- This IS NOT expected if you are initializing BertModel from the checkpoint of a model that you expect to be exactly identical (initializing a BertForSequenceClassification model from a BertForSequenceClassification model).
Some weights of the model checkpoint at UBC-NLP/MARBERT were not used when initializing BertModel: ['cls.predictions.bias', 'cls.seq_relationship.weight', 'cls.predictions.transform.LayerNorm.bias', 'cls.predictions.transform.LayerNorm.weight', 'cls.seq_relationship.bias', 'cls.predictions.transform.dense.bias', 'cls.predictions.transform.dense.weight', 'cls.predictions.decoder.weight']
- This IS expected if you are initializing BertModel from the checkpoint of a model trained on another task or with another architecture (e.g. initializing a BertForSequenceClassification model from a BertForPreTraining model).
- This IS NOT expected if you are initializing BertModel from the checkpoint of a model that you expect to be exactly identical (initializing a BertForSequenceClassification model from a BertForSequenceClassification model).
1
Training started with cuda
iter: 00500, F1 MSA: 0.03102, best F1 for MSA: 0.91202
iter: 01000, F1 MSA: 0.03102, best F1 for MSA: 0.91202
iter: 01500, F1 MSA: 0.03102, best F1 for MSA: 0.91202
Some weights of the model checkpoint at UBC-NLP/MARBERT were not used when initializing BertModel: ['cls.predictions.bias', 'cls.seq_relationship.weight', 'cls.predictions.transform.LayerNorm.bias', 'cls.predictions.transform.LayerNorm.weight', 'cls.seq_relationship.bias', 'cls.predictions.transform.dense.bias', 'cls.predictions.transform.dense.weight', 'cls.predictions.decoder.weight']
- This IS expected if you are initializing BertModel from the checkpoint of a model trained on another task or with another architecture (e.g. initializing a BertForSequenceClassification model from a BertForPreTraining model).
- This IS NOT expected if you are initializing BertModel from the checkpoint of a model that you expect to be exactly identical (initializing a BertForSequenceClassification model from a BertForSequenceClassification model).
Some weights of the model checkpoint at UBC-NLP/MARBERT were not used when initializing BertModel: ['cls.predictions.bias', 'cls.seq_relationship.weight', 'cls.predictions.transform.LayerNorm.bias', 'cls.predictions.transform.LayerNorm.weight', 'cls.seq_relationship.bias', 'cls.predictions.transform.dense.bias', 'cls.predictions.transform.dense.weight', 'cls.predictions.decoder.weight']
- This IS expected if you are initializing BertModel from the checkpoint of a model trained on another task or with another architecture (e.g. initializing a BertForSequenceClassification model from a BertForPreTraining model).
- This IS NOT expected if you are initializing BertModel from the checkpoint of a model that you expect to be exactly identical (initializing a BertForSequenceClassification model from a BertForSequenceClassification model).
1
Training started with cuda
iter: 00500, F1 MSA: 0.00609, best F1 for MSA: 0.91202
iter: 01000, F1 MSA: 0.00609, best F1 for MSA: 0.91202
iter: 01500, F1 MSA: 0.00609, best F1 for MSA: 0.91202
--------------------------------------
Test on data/POS-tagging/egy
Traceback (most recent call last):
  File "launcher.py", line 444, in <module>
    state_dict = torch.load(open(os.path.join(args.output_dir, paths_for_best_models[test_exp][0]), 'rb'))
KeyError: 'data/POS-tagging/egy'
